<?xml version="1.0" encoding="UTF-8"?>
<testsuite xmlns:xsi="http://www.w3.org/2001/XMLSchema-instance" xsi:noNamespaceSchemaLocation="https://maven.apache.org/surefire/maven-surefire-plugin/xsd/surefire-test-report.xsd" name="com.scg.beans.BenefitEventTest" time="0.002" tests="5" errors="0" skipped="0" failures="0">
  <properties>
    <property name="sun.desktop" value="gnome"/>
    <property name="awt.toolkit" value="sun.awt.X11.XToolkit"/>
    <property name="file.encoding.pkg" value="sun.io"/>
    <property name="java.specification.version" value="1.8"/>
    <property name="sun.cpu.isalist" value=""/>
    <property name="sun.jnu.encoding" value="UTF-8"/>
    <property name="java.class.path" value="/usr/local/google/home/kailashm/eclipse-workspace/assignment07/target/test-classes:/usr/local/google/home/kailashm/eclipse-workspace/assignment07/target/classes:/usr/local/google/home/kailashm/.m2/repository/edu/uw/ext/cp125-support/1.0/cp125-support-1.0.jar:/usr/local/google/home/kailashm/.m2/repository/org/apache/derby/derby/10.14.2.0/derby-10.14.2.0.jar:/usr/local/google/home/kailashm/.m2/repository/org/apache/derby/derbyclient/10.14.2.0/derbyclient-10.14.2.0.jar:/usr/local/google/home/kailashm/.m2/repository/org/apache/derby/derbynet/10.14.2.0/derbynet-10.14.2.0.jar:/usr/local/google/home/kailashm/.m2/repository/org/mockito/mockito-all/1.9.5/mockito-all-1.9.5.jar:/usr/local/google/home/kailashm/.m2/repository/org/junit/jupiter/junit-jupiter-api/5.4.2/junit-jupiter-api-5.4.2.jar:/usr/local/google/home/kailashm/.m2/repository/org/apiguardian/apiguardian-api/1.0.0/apiguardian-api-1.0.0.jar:/usr/local/google/home/kailashm/.m2/repository/org/opentest4j/opentest4j/1.1.1/opentest4j-1.1.1.jar:/usr/local/google/home/kailashm/.m2/repository/org/junit/platform/junit-platform-commons/1.4.2/junit-platform-commons-1.4.2.jar:/usr/local/google/home/kailashm/.m2/repository/org/junit/jupiter/junit-jupiter-engine/5.4.2/junit-jupiter-engine-5.4.2.jar:/usr/local/google/home/kailashm/.m2/repository/org/junit/platform/junit-platform-engine/1.4.2/junit-platform-engine-1.4.2.jar:/usr/local/google/home/kailashm/.m2/repository/org/junit/vintage/junit-vintage-engine/5.4.2/junit-vintage-engine-5.4.2.jar:/usr/local/google/home/kailashm/.m2/repository/junit/junit/4.12/junit-4.12.jar:/usr/local/google/home/kailashm/.m2/repository/org/hamcrest/hamcrest-core/1.3/hamcrest-core-1.3.jar:/usr/local/google/home/kailashm/.m2/repository/org/slf4j/slf4j-api/1.7.22/slf4j-api-1.7.22.jar:/usr/local/google/home/kailashm/.m2/repository/org/slf4j/slf4j-jdk14/1.7.22/slf4j-jdk14-1.7.22.jar:"/>
    <property name="java.vm.vendor" value="Oracle Corporation"/>
    <property name="sun.arch.data.model" value="64"/>
    <property name="java.vendor.url" value="https://goto.google.com/java-platform"/>
    <property name="user.timezone" value=""/>
    <property name="java.vm.specification.version" value="1.8"/>
    <property name="os.name" value="Linux"/>
    <property name="user.country" value="US"/>
    <property name="sun.java.launcher" value="SUN_STANDARD"/>
    <property name="sun.boot.library.path" value="/usr/local/buildtools/java/jdk8-google-v7-64/jre/lib/amd64"/>
    <property name="sun.java.command" value="/usr/local/google/home/kailashm/eclipse-workspace/assignment07/target/surefire/surefirebooter4439177206972222593.jar /usr/local/google/home/kailashm/eclipse-workspace/assignment07/target/surefire 2019-06-08T09-39-34_825-jvmRun1 surefire3788002671596145834tmp surefire_01690586416351752591tmp"/>
    <property name="surefire.test.class.path" value="/usr/local/google/home/kailashm/eclipse-workspace/assignment07/target/test-classes:/usr/local/google/home/kailashm/eclipse-workspace/assignment07/target/classes:/usr/local/google/home/kailashm/.m2/repository/edu/uw/ext/cp125-support/1.0/cp125-support-1.0.jar:/usr/local/google/home/kailashm/.m2/repository/org/apache/derby/derby/10.14.2.0/derby-10.14.2.0.jar:/usr/local/google/home/kailashm/.m2/repository/org/apache/derby/derbyclient/10.14.2.0/derbyclient-10.14.2.0.jar:/usr/local/google/home/kailashm/.m2/repository/org/apache/derby/derbynet/10.14.2.0/derbynet-10.14.2.0.jar:/usr/local/google/home/kailashm/.m2/repository/org/mockito/mockito-all/1.9.5/mockito-all-1.9.5.jar:/usr/local/google/home/kailashm/.m2/repository/org/junit/jupiter/junit-jupiter-api/5.4.2/junit-jupiter-api-5.4.2.jar:/usr/local/google/home/kailashm/.m2/repository/org/apiguardian/apiguardian-api/1.0.0/apiguardian-api-1.0.0.jar:/usr/local/google/home/kailashm/.m2/repository/org/opentest4j/opentest4j/1.1.1/opentest4j-1.1.1.jar:/usr/local/google/home/kailashm/.m2/repository/org/junit/platform/junit-platform-commons/1.4.2/junit-platform-commons-1.4.2.jar:/usr/local/google/home/kailashm/.m2/repository/org/junit/jupiter/junit-jupiter-engine/5.4.2/junit-jupiter-engine-5.4.2.jar:/usr/local/google/home/kailashm/.m2/repository/org/junit/platform/junit-platform-engine/1.4.2/junit-platform-engine-1.4.2.jar:/usr/local/google/home/kailashm/.m2/repository/org/junit/vintage/junit-vintage-engine/5.4.2/junit-vintage-engine-5.4.2.jar:/usr/local/google/home/kailashm/.m2/repository/junit/junit/4.12/junit-4.12.jar:/usr/local/google/home/kailashm/.m2/repository/org/hamcrest/hamcrest-core/1.3/hamcrest-core-1.3.jar:/usr/local/google/home/kailashm/.m2/repository/org/slf4j/slf4j-api/1.7.22/slf4j-api-1.7.22.jar:/usr/local/google/home/kailashm/.m2/repository/org/slf4j/slf4j-jdk14/1.7.22/slf4j-jdk14-1.7.22.jar:"/>
    <property name="sun.cpu.endian" value="little"/>
    <property name="user.home" value="/usr/local/google/home/kailashm"/>
    <property name="user.language" value="en"/>
    <property name="java.specification.vendor" value="Oracle Corporation"/>
    <property name="java.home" value="/usr/local/buildtools/java/jdk8-google-v7-64/jre"/>
    <property name="basedir" value="/usr/local/google/home/kailashm/eclipse-workspace/assignment07"/>
    <property name="file.separator" value="/"/>
    <property name="line.separator" value="&#10;"/>
    <property name="java.vm.specification.vendor" value="Oracle Corporation"/>
    <property name="java.specification.name" value="Java Platform API Specification"/>
    <property name="java.awt.graphicsenv" value="sun.awt.X11GraphicsEnvironment"/>
    <property name="surefire.real.class.path" value="/usr/local/google/home/kailashm/eclipse-workspace/assignment07/target/surefire/surefirebooter4439177206972222593.jar"/>
    <property name="sun.boot.class.path" value="/usr/local/buildtools/java/jdk8-google-v7-64/jre/lib/resources.jar:/usr/local/buildtools/java/jdk8-google-v7-64/jre/lib/rt.jar:/usr/local/buildtools/java/jdk8-google-v7-64/jre/lib/sunrsasign.jar:/usr/local/buildtools/java/jdk8-google-v7-64/jre/lib/jsse.jar:/usr/local/buildtools/java/jdk8-google-v7-64/jre/lib/jce.jar:/usr/local/buildtools/java/jdk8-google-v7-64/jre/lib/charsets.jar:/usr/local/buildtools/java/jdk8-google-v7-64/jre/lib/jfr.jar:/usr/local/buildtools/java/jdk8-google-v7-64/jre/classes"/>
    <property name="sun.management.compiler" value="HotSpot 64-Bit Tiered Compilers"/>
    <property name="java.runtime.version" value="1.8.0_181-google-v7-250128219-250128219"/>
    <property name="user.name" value="kailashm"/>
    <property name="path.separator" value=":"/>
    <property name="os.version" value="4.19.28-2rodete1-amd64"/>
    <property name="java.endorsed.dirs" value="/usr/local/buildtools/java/jdk8-google-v7-64/jre/lib/endorsed"/>
    <property name="java.runtime.name" value="OpenJDK Runtime Environment"/>
    <property name="file.encoding" value="UTF-8"/>
    <property name="java.vm.name" value="OpenJDK 64-Bit Server VM"/>
    <property name="localRepository" value="/usr/local/google/home/kailashm/.m2/repository"/>
    <property name="java.vendor.url.bug" value="http://b.corp.google.com/createIssue?component=32554"/>
    <property name="java.io.tmpdir" value="/tmp"/>
    <property name="java.version" value="1.8.0_181-google-v7"/>
    <property name="user.dir" value="/usr/local/google/home/kailashm/eclipse-workspace/assignment07"/>
    <property name="os.arch" value="amd64"/>
    <property name="java.vm.specification.name" value="Java Virtual Machine Specification"/>
    <property name="java.awt.printerjob" value="sun.print.PSPrinterJob"/>
    <property name="sun.os.patch.level" value="unknown"/>
    <property name="java.library.path" value="/usr/java/packages/lib/amd64:/usr/lib64:/lib64:/lib:/usr/lib"/>
    <property name="java.vm.info" value="mixed mode"/>
    <property name="java.vendor" value="Google Inc."/>
    <property name="java.vm.version" value="25.181-b01"/>
    <property name="java.ext.dirs" value="/usr/local/buildtools/java/jdk8-google-v7-64/jre/lib/ext:/usr/java/packages/lib/ext"/>
    <property name="sun.io.unicode.encoding" value="UnicodeLittle"/>
    <property name="java.class.version" value="52.0"/>
  </properties>
  <testcase name="testCancelDental" classname="com.scg.beans.BenefitEventTest" time="0"/>
  <testcase name="testEnrollDental" classname="com.scg.beans.BenefitEventTest" time="0"/>
  <testcase name="testCancelMedical" classname="com.scg.beans.BenefitEventTest" time="0.001"/>
  <testcase name="testEnrollMedical" classname="com.scg.beans.BenefitEventTest" time="0"/>
  <testcase name="testBenefitEvent" classname="com.scg.beans.BenefitEventTest" time="0.001"/>
</testsuite>